Build started 2012-05-11 12:40:28.
     1>Project "C:\Users\Filip\documents\visual studio 2010\Projects\ipt\ipt\ipt.vcxproj" on node 2 (build target(s)).
     1>InitializeBuildStatus:
         Creating "Release\ipt.unsuccessfulbuild" because "AlwaysCreate" was specified.
       ClCompile:
         C:\Program Files (x86)\Microsoft Visual Studio 10.0\VC\bin\CL.exe /c /Zi /nologo /W3 /WX- /O2 /Oi /Oy- /GL /D WIN32 /D NDEBUG /D _CONSOLE /D _UNICODE /D UNICODE /Gm- /EHsc /MD /GS /Gy /fp:precise /Zc:wchar_t /Zc:forScope /Fo"Release\\" /Fd"Release\vc100.pdb" /Gd /TP /analyze- /errorReport:prompt CPatternGenerator.cpp lab1.cpp lab2.cpp lab3.cpp lab4.cpp main.cpp
         CPatternGenerator.cpp
         lab1.cpp
     1>lab1.cpp(41): warning C4996: 'itoa': The POSIX name for this item is deprecated. Instead, use the ISO C++ conformant name: _itoa. See online help for details.
                 C:\Program Files (x86)\Microsoft Visual Studio 10.0\VC\include\stdlib.h(867) : see declaration of 'itoa'
     1>lab1.cpp(49): warning C4996: 'itoa': The POSIX name for this item is deprecated. Instead, use the ISO C++ conformant name: _itoa. See online help for details.
                 C:\Program Files (x86)\Microsoft Visual Studio 10.0\VC\include\stdlib.h(867) : see declaration of 'itoa'
     1>lab1.cpp(59): warning C4996: 'itoa': The POSIX name for this item is deprecated. Instead, use the ISO C++ conformant name: _itoa. See online help for details.
                 C:\Program Files (x86)\Microsoft Visual Studio 10.0\VC\include\stdlib.h(867) : see declaration of 'itoa'
     1>lab1.cpp(60): warning C4996: 'itoa': The POSIX name for this item is deprecated. Instead, use the ISO C++ conformant name: _itoa. See online help for details.
                 C:\Program Files (x86)\Microsoft Visual Studio 10.0\VC\include\stdlib.h(867) : see declaration of 'itoa'
     1>lab1.cpp(70): warning C4996: 'itoa': The POSIX name for this item is deprecated. Instead, use the ISO C++ conformant name: _itoa. See online help for details.
                 C:\Program Files (x86)\Microsoft Visual Studio 10.0\VC\include\stdlib.h(867) : see declaration of 'itoa'
         lab2.cpp
         lab3.cpp
         lab4.cpp
         main.cpp
       Link:
         C:\Program Files (x86)\Microsoft Visual Studio 10.0\VC\bin\link.exe /ERRORREPORT:PROMPT /OUT:"C:\Users\Filip\documents\visual studio 2010\Projects\ipt\Release\ipt.exe" /INCREMENTAL:NO /NOLOGO kernel32.lib user32.lib gdi32.lib winspool.lib comdlg32.lib advapi32.lib shell32.lib ole32.lib oleaut32.lib uuid.lib odbc32.lib odbccp32.lib /MANIFEST /ManifestFile:"Release\ipt.exe.intermediate.manifest" /MANIFESTUAC:"level='asInvoker' uiAccess='false'" /DEBUG /PDB:"C:\Users\Filip\documents\visual studio 2010\Projects\ipt\Release\ipt.pdb" /SUBSYSTEM:CONSOLE /OPT:REF /OPT:ICF /LTCG /TLBID:1 /DYNAMICBASE /NXCOMPAT /IMPLIB:"C:\Users\Filip\documents\visual studio 2010\Projects\ipt\Release\ipt.lib" /MACHINE:X86 Release\CCharBuffer.obj
         Release\CPatternGenerator.obj
         Release\CSuffixArray.obj
         Release\lab1.obj
         Release\lab2.obj
         Release\lab3.obj
         Release\lab4.obj
         Release\main.obj
         Release\TextSearch.obj
         Generating code
         Finished generating code
         ipt.vcxproj -> C:\Users\Filip\documents\visual studio 2010\Projects\ipt\Release\ipt.exe
       Manifest:
         C:\Program Files (x86)\Microsoft SDKs\Windows\v7.0A\bin\mt.exe /nologo /verbose /outputresource:"C:\Users\Filip\documents\visual studio 2010\Projects\ipt\Release\ipt.exe;#1" /manifest Release\ipt.exe.intermediate.manifest
       FinalizeBuildStatus:
         Deleting file "Release\ipt.unsuccessfulbuild".
         Touching "Release\ipt.lastbuildstate".
     1>Done Building Project "C:\Users\Filip\documents\visual studio 2010\Projects\ipt\ipt\ipt.vcxproj" (build target(s)).

Build succeeded.

Time Elapsed 00:00:07.98
