Build started 2012-03-25 17:21:32.
     1>Project "C:\Users\Filip\Documents\Visual Studio 2010\Projects\Fulcrum\Fulcrum\Fulcrum.vcxproj" on node 2 (build target(s)).
     1>InitializeBuildStatus:
         Creating "Release\Fulcrum.unsuccessfulbuild" because "AlwaysCreate" was specified.
       ClCompile:
         C:\Program Files (x86)\Microsoft Visual Studio 10.0\VC\bin\CL.exe /c /Zi /nologo /W3 /WX- /O2 /Oi /Oy- /GL /D WIN32 /D NDEBUG /D _CONSOLE /D _UNICODE /D UNICODE /Gm- /EHsc /MD /GS /Gy /fp:precise /Zc:wchar_t /Zc:forScope /Fo"Release\\" /Fd"Release\vc100.pdb" /Gd /TP /analyze- /errorReport:prompt Fulcrum.cpp
         Fulcrum.cpp
     1>Fulcrum.cpp(14): warning C4101: 'fname' : unreferenced local variable
     1>Fulcrum.cpp(12): warning C4101: 'fout' : unreferenced local variable
       Link:
         C:\Program Files (x86)\Microsoft Visual Studio 10.0\VC\bin\link.exe /ERRORREPORT:PROMPT /OUT:"C:\Users\Filip\Documents\Visual Studio 2010\Projects\Fulcrum\Release\Fulcrum.exe" /INCREMENTAL:NO /NOLOGO kernel32.lib user32.lib gdi32.lib winspool.lib comdlg32.lib advapi32.lib shell32.lib ole32.lib oleaut32.lib uuid.lib odbc32.lib odbccp32.lib /MANIFEST /ManifestFile:"Release\Fulcrum.exe.intermediate.manifest" /MANIFESTUAC:"level='asInvoker' uiAccess='false'" /DEBUG /PDB:"C:\Users\Filip\Documents\Visual Studio 2010\Projects\Fulcrum\Release\Fulcrum.pdb" /SUBSYSTEM:CONSOLE /OPT:REF /OPT:ICF /LTCG /TLBID:1 /DYNAMICBASE /NXCOMPAT /IMPLIB:"C:\Users\Filip\Documents\Visual Studio 2010\Projects\Fulcrum\Release\Fulcrum.lib" /MACHINE:X86 Release\Fulcrum.obj
         Generating code
         Finished generating code
         Fulcrum.vcxproj -> C:\Users\Filip\Documents\Visual Studio 2010\Projects\Fulcrum\Release\Fulcrum.exe
       Manifest:
         C:\Program Files (x86)\Microsoft SDKs\Windows\v7.0A\bin\mt.exe /nologo /verbose /outputresource:"C:\Users\Filip\Documents\Visual Studio 2010\Projects\Fulcrum\Release\Fulcrum.exe;#1" /manifest Release\Fulcrum.exe.intermediate.manifest
       FinalizeBuildStatus:
         Deleting file "Release\Fulcrum.unsuccessfulbuild".
         Touching "Release\Fulcrum.lastbuildstate".
     1>Done Building Project "C:\Users\Filip\Documents\Visual Studio 2010\Projects\Fulcrum\Fulcrum\Fulcrum.vcxproj" (build target(s)).

Build succeeded.

Time Elapsed 00:00:03.62
