Build started 2012-05-11 14:12:16.
     1>Project "C:\Users\Filip\Documents\Visual Studio 2010\Projects\WebMining4\WebMining4\WebMining4.vcxproj" on node 2 (build target(s)).
     1>InitializeBuildStatus:
         Creating "x64\Release\WebMining4.unsuccessfulbuild" because "AlwaysCreate" was specified.
       ClCompile:
         C:\Program Files (x86)\Microsoft Visual Studio 10.0\VC\bin\x86_amd64\CL.exe /c /Zi /nologo /W3 /WX- /O2 /Oi /GL /D WIN32 /D NDEBUG /D _CONSOLE /D _UNICODE /D UNICODE /Gm- /EHsc /MD /GS /Gy /fp:precise /Zc:wchar_t /Zc:forScope /Fo"x64\Release\\" /Fd"x64\Release\vc100.pdb" /Gd /TP /errorReport:prompt lab.cpp
         lab.cpp
     1>c:\program files\clucene\include\CLucene/debug/lucenebase.h(23): warning C4244: 'return' : conversion from '__int64' to 'int', possible loss of data
     1>lab.cpp(37): warning C4996: 'fopen': This function or variable may be unsafe. Consider using fopen_s instead. To disable deprecation, use _CRT_SECURE_NO_WARNINGS. See online help for details.
                 C:\Program Files (x86)\Microsoft Visual Studio 10.0\VC\include\stdio.h(234) : see declaration of 'fopen'
     1>lab.cpp(75): warning C4996: 'mbstowcs': This function or variable may be unsafe. Consider using mbstowcs_s instead. To disable deprecation, use _CRT_SECURE_NO_WARNINGS. See online help for details.
                 C:\Program Files (x86)\Microsoft Visual Studio 10.0\VC\include\stdlib.h(498) : see declaration of 'mbstowcs'
     1>lab.cpp(123): warning C4267: 'argument' : conversion from 'size_t' to 'const int32_t', possible loss of data
     1>lab.cpp(124): warning C4267: 'argument' : conversion from 'size_t' to 'const int32_t', possible loss of data
       Link:
         C:\Program Files (x86)\Microsoft Visual Studio 10.0\VC\bin\x86_amd64\link.exe /ERRORREPORT:PROMPT /OUT:"C:\Users\Filip\Documents\Visual Studio 2010\Projects\WebMining4\x64\Release\WebMining4.exe" /INCREMENTAL:NO /NOLOGO "libboost_filesystem-vc100-mt-1_49.lib" "libboost_system-vc100-mt-1_49.lib" "clucene-core.lib" "clucene-shared.lib" kernel32.lib user32.lib gdi32.lib winspool.lib comdlg32.lib advapi32.lib shell32.lib ole32.lib oleaut32.lib uuid.lib odbc32.lib odbccp32.lib kernel32.lib user32.lib gdi32.lib winspool.lib comdlg32.lib advapi32.lib shell32.lib ole32.lib oleaut32.lib uuid.lib odbc32.lib odbccp32.lib /MANIFEST /ManifestFile:"x64\Release\WebMining4.exe.intermediate.manifest" /MANIFESTUAC:"level='asInvoker' uiAccess='false'" /DEBUG /PDB:"C:\Users\Filip\Documents\Visual Studio 2010\Projects\WebMining4\x64\Release\WebMining4.pdb" /SUBSYSTEM:CONSOLE /OPT:REF /OPT:ICF /LTCG /TLBID:1 /DYNAMICBASE /NXCOMPAT /IMPLIB:"C:\Users\Filip\Documents\Visual Studio 2010\Projects\WebMining4\x64\Release\WebMining4.lib" /MACHINE:X64 x64\Release\lab.obj
         Generating code
         Finished generating code
         WebMining4.vcxproj -> C:\Users\Filip\Documents\Visual Studio 2010\Projects\WebMining4\x64\Release\WebMining4.exe
       Manifest:
         C:\Program Files (x86)\Microsoft SDKs\Windows\v7.0A\bin\mt.exe /nologo /verbose /outputresource:"C:\Users\Filip\Documents\Visual Studio 2010\Projects\WebMining4\x64\Release\WebMining4.exe;#1" /manifest x64\Release\WebMining4.exe.intermediate.manifest
       FinalizeBuildStatus:
         Deleting file "x64\Release\WebMining4.unsuccessfulbuild".
         Touching "x64\Release\WebMining4.lastbuildstate".
     1>Done Building Project "C:\Users\Filip\Documents\Visual Studio 2010\Projects\WebMining4\WebMining4\WebMining4.vcxproj" (build target(s)).

Build succeeded.

Time Elapsed 00:00:02.62
