Build started 2012-03-21 12:06:09.
     1>Project "C:\Users\Filip\documents\visual studio 2010\Projects\ErdosConverter\ErdosConverter\ErdosConverter.vcxproj" on node 2 (build target(s)).
     1>InitializeBuildStatus:
         Creating "Release\ErdosConverter.unsuccessfulbuild" because "AlwaysCreate" was specified.
       ClCompile:
         C:\Program Files (x86)\Microsoft Visual Studio 10.0\VC\bin\CL.exe /c /Zi /nologo /W3 /WX- /O2 /Oi /Oy- /GL /D WIN32 /D NDEBUG /D _CONSOLE /D _UNICODE /D UNICODE /Gm- /EHsc /MD /GS /Gy /fp:precise /Zc:wchar_t /Zc:forScope /Fo"Release\\" /Fd"Release\vc100.pdb" /Gd /TP /analyze- /errorReport:prompt ErdosConverter.cpp
         ErdosConverter.cpp
       Link:
         C:\Program Files (x86)\Microsoft Visual Studio 10.0\VC\bin\link.exe /ERRORREPORT:PROMPT /OUT:"C:\Users\Filip\documents\visual studio 2010\Projects\ErdosConverter\Release\ErdosConverter.exe" /INCREMENTAL:NO /NOLOGO winmm.lib kernel32.lib user32.lib gdi32.lib winspool.lib comdlg32.lib advapi32.lib shell32.lib ole32.lib oleaut32.lib uuid.lib odbc32.lib odbccp32.lib kernel32.lib user32.lib gdi32.lib winspool.lib comdlg32.lib advapi32.lib shell32.lib ole32.lib oleaut32.lib uuid.lib odbc32.lib odbccp32.lib /MANIFEST /ManifestFile:"Release\ErdosConverter.exe.intermediate.manifest" /MANIFESTUAC:"level='asInvoker' uiAccess='false'" /DEBUG /PDB:"C:\Users\Filip\documents\visual studio 2010\Projects\ErdosConverter\Release\ErdosConverter.pdb" /SUBSYSTEM:CONSOLE /OPT:REF /OPT:ICF /LTCG /TLBID:1 /DYNAMICBASE /NXCOMPAT /IMPLIB:"C:\Users\Filip\documents\visual studio 2010\Projects\ErdosConverter\Release\ErdosConverter.lib" /MACHINE:X86 Release\ErdosConverter.obj
         Generating code
         Finished generating code
         ErdosConverter.vcxproj -> C:\Users\Filip\documents\visual studio 2010\Projects\ErdosConverter\Release\ErdosConverter.exe
       Manifest:
         C:\Program Files (x86)\Microsoft SDKs\Windows\v7.0A\bin\mt.exe /nologo /verbose /outputresource:"C:\Users\Filip\documents\visual studio 2010\Projects\ErdosConverter\Release\ErdosConverter.exe;#1" /manifest Release\ErdosConverter.exe.intermediate.manifest
       FinalizeBuildStatus:
         Deleting file "Release\ErdosConverter.unsuccessfulbuild".
         Touching "Release\ErdosConverter.lastbuildstate".
     1>Done Building Project "C:\Users\Filip\documents\visual studio 2010\Projects\ErdosConverter\ErdosConverter\ErdosConverter.vcxproj" (build target(s)).

Build succeeded.

Time Elapsed 00:00:05.78
