Build started 2012-06-11 13:56:16.
     1>Project "C:\Users\Filip\Documents\Visual Studio 2010\Projects\2D\stripes\stripes.vcxproj" on node 2 (build target(s)).
     1>InitializeBuildStatus:
         Creating "x64\Release\2D.unsuccessfulbuild" because "AlwaysCreate" was specified.
       ClCompile:
         C:\Program Files (x86)\Microsoft Visual Studio 10.0\VC\bin\x86_amd64\CL.exe /c /Zi /nologo /W3 /WX- /O2 /Oi /GL /D WIN32 /D NDEBUG /D _CONSOLE /D _UNICODE /D UNICODE /Gm- /EHsc /MD /GS /Gy /fp:precise /Zc:wchar_t /Zc:forScope /Fo"x64\Release\\" /Fd"x64\Release\vc100.pdb" /Gd /TP /errorReport:prompt CCompressedTile.cpp CStripeGraph.cpp CUncompressedTile.cpp 2D.cpp
         CCompressedTile.cpp
         CStripeGraph.cpp
     1>CStripeGraph.cpp(36): warning C4996: 'fopen': This function or variable may be unsafe. Consider using fopen_s instead. To disable deprecation, use _CRT_SECURE_NO_WARNINGS. See online help for details.
                 C:\Program Files (x86)\Microsoft Visual Studio 10.0\VC\include\stdio.h(234) : see declaration of 'fopen'
     1>CStripeGraph.cpp(52): warning C4267: '=' : conversion from 'size_t' to 'int', possible loss of data
     1>CStripeGraph.cpp(54): warning C4267: '=' : conversion from 'size_t' to 'int', possible loss of data
     1>CStripeGraph.cpp(90): warning C4267: '=' : conversion from 'size_t' to 'int', possible loss of data
     1>CStripeGraph.cpp(92): warning C4267: '=' : conversion from 'size_t' to 'int', possible loss of data
     1>CStripeGraph.cpp(141): warning C4267: 'argument' : conversion from 'size_t' to 'int', possible loss of data
     1>CStripeGraph.cpp(167): warning C4267: '+=' : conversion from 'size_t' to 'int', possible loss of data
     1>CStripeGraph.cpp(212): warning C4996: 'fopen': This function or variable may be unsafe. Consider using fopen_s instead. To disable deprecation, use _CRT_SECURE_NO_WARNINGS. See online help for details.
                 C:\Program Files (x86)\Microsoft Visual Studio 10.0\VC\include\stdio.h(234) : see declaration of 'fopen'
     1>CStripeGraph.cpp(220): warning C4996: 'fopen': This function or variable may be unsafe. Consider using fopen_s instead. To disable deprecation, use _CRT_SECURE_NO_WARNINGS. See online help for details.
                 C:\Program Files (x86)\Microsoft Visual Studio 10.0\VC\include\stdio.h(234) : see declaration of 'fopen'
     1>CStripeGraph.cpp(242): warning C4996: 'fopen': This function or variable may be unsafe. Consider using fopen_s instead. To disable deprecation, use _CRT_SECURE_NO_WARNINGS. See online help for details.
                 C:\Program Files (x86)\Microsoft Visual Studio 10.0\VC\include\stdio.h(234) : see declaration of 'fopen'
     1>CStripeGraph.cpp(246): warning C4996: 'fopen': This function or variable may be unsafe. Consider using fopen_s instead. To disable deprecation, use _CRT_SECURE_NO_WARNINGS. See online help for details.
                 C:\Program Files (x86)\Microsoft Visual Studio 10.0\VC\include\stdio.h(234) : see declaration of 'fopen'
         CUncompressedTile.cpp
     1>CUncompressedTile.cpp(39): warning C4267: 'return' : conversion from 'size_t' to 'int', possible loss of data
         2D.cpp
     1>2D.cpp(33): warning C4996: 'sprintf': This function or variable may be unsafe. Consider using sprintf_s instead. To disable deprecation, use _CRT_SECURE_NO_WARNINGS. See online help for details.
                 C:\Program Files (x86)\Microsoft Visual Studio 10.0\VC\include\stdio.h(371) : see declaration of 'sprintf'
     1>2D.cpp(38): warning C4996: 'sprintf': This function or variable may be unsafe. Consider using sprintf_s instead. To disable deprecation, use _CRT_SECURE_NO_WARNINGS. See online help for details.
                 C:\Program Files (x86)\Microsoft Visual Studio 10.0\VC\include\stdio.h(371) : see declaration of 'sprintf'
     1>2D.cpp(39): warning C4996: 'sprintf': This function or variable may be unsafe. Consider using sprintf_s instead. To disable deprecation, use _CRT_SECURE_NO_WARNINGS. See online help for details.
                 C:\Program Files (x86)\Microsoft Visual Studio 10.0\VC\include\stdio.h(371) : see declaration of 'sprintf'
     1>2D.cpp(15): warning C4101: 'outArr' : unreferenced local variable
     1>2D.cpp(16): warning C4101: 'testFileName' : unreferenced local variable
     1>2D.cpp(15): warning C4101: 'edges' : unreferenced local variable
     1>2D.cpp(15): warning C4101: 'rowNr' : unreferenced local variable
     1>2D.cpp(14): warning C4101: 'elapsedTime' : unreferenced local variable
     1>2D.cpp(15): warning C4101: 'rows' : unreferenced local variable
       Link:
         C:\Program Files (x86)\Microsoft Visual Studio 10.0\VC\bin\x86_amd64\link.exe /ERRORREPORT:PROMPT /OUT:"C:\Users\Filip\Documents\Visual Studio 2010\Projects\2D\x64\Release\2D.exe" /INCREMENTAL:NO /NOLOGO zlibstat.lib kernel32.lib user32.lib gdi32.lib winspool.lib comdlg32.lib advapi32.lib shell32.lib ole32.lib oleaut32.lib uuid.lib odbc32.lib odbccp32.lib kernel32.lib user32.lib gdi32.lib winspool.lib comdlg32.lib advapi32.lib shell32.lib ole32.lib oleaut32.lib uuid.lib odbc32.lib odbccp32.lib /MANIFEST /ManifestFile:"x64\Release\2D.exe.intermediate.manifest" /MANIFESTUAC:"level='asInvoker' uiAccess='false'" /DEBUG /PDB:"C:\Users\Filip\Documents\Visual Studio 2010\Projects\2D\x64\Release\2D.pdb" /SUBSYSTEM:CONSOLE /OPT:REF /OPT:ICF /LTCG /TLBID:1 /DYNAMICBASE /NXCOMPAT /IMPLIB:"C:\Users\Filip\Documents\Visual Studio 2010\Projects\2D\x64\Release\2D.lib" /MACHINE:X64 x64\Release\CCompressedTile.obj
         x64\Release\CStripeGraph.obj
         x64\Release\CUncompressedTile.obj
         x64\Release\2D.obj
         Generating code
         Finished generating code
         stripes.vcxproj -> C:\Users\Filip\Documents\Visual Studio 2010\Projects\2D\x64\Release\2D.exe
       Manifest:
         C:\Program Files (x86)\Microsoft SDKs\Windows\v7.0A\bin\mt.exe /nologo /verbose /outputresource:"C:\Users\Filip\Documents\Visual Studio 2010\Projects\2D\x64\Release\2D.exe;#1" /manifest x64\Release\2D.exe.intermediate.manifest
       FinalizeBuildStatus:
         Deleting file "x64\Release\2D.unsuccessfulbuild".
         Touching "x64\Release\2D.lastbuildstate".
     1>Done Building Project "C:\Users\Filip\Documents\Visual Studio 2010\Projects\2D\stripes\stripes.vcxproj" (build target(s)).

Build succeeded.

Time Elapsed 00:00:06.00
