Build started 2012-04-13 13:35:45.
     1>Project "C:\Users\Filip\Documents\Visual Studio 2010\Projects\WebMining2\WebMining2\WebMining2.vcxproj" on node 2 (build target(s)).
     1>InitializeBuildStatus:
         Creating "Debug\WebMining2.unsuccessfulbuild" because "AlwaysCreate" was specified.
       ClCompile:
         C:\Program Files (x86)\Microsoft Visual Studio 10.0\VC\bin\CL.exe /c /ZI /nologo /W3 /WX- /Od /Oy- /D WIN32 /D _DEBUG /D _CONSOLE /D _UNICODE /D UNICODE /Gm /EHsc /RTC1 /MDd /GS /fp:precise /Zc:wchar_t /Zc:forScope /Fo"Debug\\" /Fd"Debug\vc100.pdb" /Gd /TP /analyze- /errorReport:prompt lab.cpp
         lab.cpp
     1>c:\users\filip\documents\visual studio 2010\projects\webmining2\webmining2\lab.cpp(90): warning C4018: '>' : signed/unsigned mismatch
     1>c:\users\filip\documents\visual studio 2010\projects\webmining2\webmining2\lab.cpp(93): warning C4018: '<' : signed/unsigned mismatch
       ManifestResourceCompile:
         All outputs are up-to-date.
       Link:
         C:\Program Files (x86)\Microsoft Visual Studio 10.0\VC\bin\link.exe /ERRORREPORT:PROMPT /OUT:"C:\Users\Filip\Documents\Visual Studio 2010\Projects\WebMining2\Debug\WebMining2.exe" /INCREMENTAL /NOLOGO kernel32.lib user32.lib gdi32.lib winspool.lib comdlg32.lib advapi32.lib shell32.lib ole32.lib oleaut32.lib uuid.lib odbc32.lib odbccp32.lib /MANIFEST /ManifestFile:"Debug\WebMining2.exe.intermediate.manifest" /MANIFESTUAC:"level='asInvoker' uiAccess='false'" /DEBUG /PDB:"C:\Users\Filip\Documents\Visual Studio 2010\Projects\WebMining2\Debug\WebMining2.pdb" /SUBSYSTEM:CONSOLE /TLBID:1 /DYNAMICBASE /NXCOMPAT /IMPLIB:"C:\Users\Filip\Documents\Visual Studio 2010\Projects\WebMining2\Debug\WebMining2.lib" /MACHINE:X86 Debug\WebMining2.exe.embed.manifest.res
         Debug\lab.obj
       Manifest:
         C:\Program Files (x86)\Microsoft SDKs\Windows\v7.0A\bin\mt.exe /nologo /verbose /out:"Debug\WebMining2.exe.embed.manifest" /manifest Debug\WebMining2.exe.intermediate.manifest
         All outputs are up-to-date.
       LinkEmbedManifest:
         All outputs are up-to-date.
         WebMining2.vcxproj -> C:\Users\Filip\Documents\Visual Studio 2010\Projects\WebMining2\Debug\WebMining2.exe
       FinalizeBuildStatus:
         Deleting file "Debug\WebMining2.unsuccessfulbuild".
         Touching "Debug\WebMining2.lastbuildstate".
     1>Done Building Project "C:\Users\Filip\Documents\Visual Studio 2010\Projects\WebMining2\WebMining2\WebMining2.vcxproj" (build target(s)).

Build succeeded.

Time Elapsed 00:00:03.21
