Build started 2012-04-23 16:12:23.
     1>Project "C:\Users\Filip\Documents\Visual Studio 2010\Projects\Fulcrum\Fulcrum\Fulcrum.vcxproj" on node 2 (build target(s)).
     1>InitializeBuildStatus:
         Creating "x64\Release\Fulcrum.unsuccessfulbuild" because "AlwaysCreate" was specified.
       ClCompile:
         C:\Program Files (x86)\Microsoft Visual Studio 10.0\VC\bin\x86_amd64\CL.exe /c /Zi /nologo /W3 /WX- /O2 /Oi /GL /D WIN32 /D NDEBUG /D _CONSOLE /D _UNICODE /D UNICODE /Gm- /EHsc /MD /GS /Gy /fp:precise /Zc:wchar_t /Zc:forScope /Fo"x64\Release\\" /Fd"x64\Release\vc100.pdb" /Gd /TP /errorReport:prompt Fulcrum.cpp
         Fulcrum.cpp
       Link:
         C:\Program Files (x86)\Microsoft Visual Studio 10.0\VC\bin\x86_amd64\link.exe /ERRORREPORT:PROMPT /OUT:"C:\Users\Filip\Documents\Visual Studio 2010\Projects\Fulcrum\x64\Release\Fulcrum.exe" /INCREMENTAL:NO /NOLOGO alibcof64.lib "libboost_filesystem-vc100-mt-1_49.lib" "libboost_system-vc100-mt-1_49.lib" kernel32.lib user32.lib gdi32.lib winspool.lib comdlg32.lib advapi32.lib shell32.lib ole32.lib oleaut32.lib uuid.lib odbc32.lib odbccp32.lib kernel32.lib user32.lib gdi32.lib winspool.lib comdlg32.lib advapi32.lib shell32.lib ole32.lib oleaut32.lib uuid.lib odbc32.lib odbccp32.lib /MANIFEST /ManifestFile:"x64\Release\Fulcrum.exe.intermediate.manifest" /MANIFESTUAC:"level='asInvoker' uiAccess='false'" /PDB:"C:\Users\Filip\Documents\Visual Studio 2010\Projects\Fulcrum\x64\Release\Fulcrum.pdb" /SUBSYSTEM:CONSOLE /OPT:REF /OPT:ICF /LTCG /TLBID:1 /DYNAMICBASE /NXCOMPAT /IMPLIB:"C:\Users\Filip\Documents\Visual Studio 2010\Projects\Fulcrum\x64\Release\Fulcrum.lib" /MACHINE:X64 x64\Release\Fulcrum.obj
         Generating code
         Finished generating code
         Fulcrum.vcxproj -> C:\Users\Filip\Documents\Visual Studio 2010\Projects\Fulcrum\x64\Release\Fulcrum.exe
       Manifest:
         C:\Program Files (x86)\Microsoft SDKs\Windows\v7.0A\bin\mt.exe /nologo /verbose /outputresource:"C:\Users\Filip\Documents\Visual Studio 2010\Projects\Fulcrum\x64\Release\Fulcrum.exe;#1" /manifest x64\Release\Fulcrum.exe.intermediate.manifest
       FinalizeBuildStatus:
         Deleting file "x64\Release\Fulcrum.unsuccessfulbuild".
         Touching "x64\Release\Fulcrum.lastbuildstate".
     1>Done Building Project "C:\Users\Filip\Documents\Visual Studio 2010\Projects\Fulcrum\Fulcrum\Fulcrum.vcxproj" (build target(s)).

Build succeeded.

Time Elapsed 00:00:16.77
